Build started 4/29/2016 4:29:08 PM.
     1>Project "C:\My_Adaptor\RealSenseImaq\RealSenseImaq\RealSenseImaq.vcxproj" on node 2 (Build target(s)).
     1>ClCompile:
         C:\Program Files (x86)\Microsoft Visual Studio 12.0\VC\bin\x86_amd64\CL.exe /c /IC:\MATLAB\R2016a\toolbox\imaq\imaqadaptors\kit\include /Zi /nologo /W3 /WX- /Od /D WIN32 /D _DEBUG /D _WINDOWS /D _USRDLL /D REALSENSEIMAQ_EXPORTS /D _WINDLL /D _UNICODE /D UNICODE /Gm /EHs /RTC1 /MD /GS- /Zc:wchar_t /Zc:forScope /GR /Fo"x64\Debug\\" /Fd"x64\Debug\vc120.pdb" /Gd /TP /errorReport:prompt /EHs mydevice_exported_fcns.cpp RealSenseAdaptor.cpp RealSenseDeviceFormat.cpp RealSensePropGetListener.cpp RealSensePropSetListener.cpp
         RealSensePropSetListener.cpp
         RealSensePropGetListener.cpp
         RealSenseDeviceFormat.cpp
         RealSenseAdaptor.cpp
     1>c:\my_adaptor\realsenseimaq\realsenseimaq\RealSensePointCloudListener.hpp(145): warning C4244: 'initializing' : conversion from 'double' to 'float', possible loss of data
     1>c:\my_adaptor\realsenseimaq\realsenseimaq\RealSensePointCloudListener.hpp(146): warning C4244: 'initializing' : conversion from 'double' to 'float', possible loss of data
     1>RealSenseAdaptor.cpp(289): warning C4244: 'argument' : conversion from 'const int' to 'pxcF32', possible loss of data
     1>RealSenseAdaptor.cpp(367): warning C4244: 'argument' : conversion from 'const int' to 'pxcF32', possible loss of data
     1>RealSenseAdaptor.cpp(446): warning C4244: 'argument' : conversion from 'const int' to 'pxcF32', possible loss of data
     1>RealSenseAdaptor.cpp(526): warning C4244: 'argument' : conversion from 'const int' to 'pxcF32', possible loss of data
         mydevice_exported_fcns.cpp
         Generating Code...
       Link:
         C:\Program Files (x86)\Microsoft Visual Studio 12.0\VC\bin\x86_amd64\link.exe /ERRORREPORT:PROMPT /OUT:"C:\My_Adaptor\RealSenseImaq\x64\Debug\RealSenseImaq.dll" /INCREMENTAL /NOLOGO /LIBPATH:C:\MATLAB\R2016a\toolbox\imaq\imaqadaptors\kit\lib\win64\release imaqmex.lib libpxcmd_d.lib libpxcutilsmd_d.lib kernel32.lib user32.lib gdi32.lib winspool.lib comdlg32.lib advapi32.lib shell32.lib ole32.lib oleaut32.lib uuid.lib odbc32.lib odbccp32.lib /MANIFEST /MANIFESTUAC:"level='asInvoker' uiAccess='false'" /manifest:embed /DEBUG /PDB:"C:\My_Adaptor\RealSenseImaq\x64\Debug\RealSenseImaq.pdb" /SUBSYSTEM:WINDOWS /TLBID:1 /DYNAMICBASE /NXCOMPAT /IMPLIB:"C:\My_Adaptor\RealSenseImaq\x64\Debug\RealSenseImaq.lib" /MACHINE:X64 /DLL x64\Debug\mydevice_exported_fcns.obj
         x64\Debug\RealSenseAdaptor.obj
         x64\Debug\RealSenseDeviceFormat.obj
         x64\Debug\RealSensePropGetListener.obj
         x64\Debug\RealSensePropSetListener.obj
            Creating library C:\My_Adaptor\RealSenseImaq\x64\Debug\RealSenseImaq.lib and object C:\My_Adaptor\RealSenseImaq\x64\Debug\RealSenseImaq.exp
     1>LINK : warning LNK4098: defaultlib 'MSVCRTD' conflicts with use of other libs; use /NODEFAULTLIB:library
         RealSenseImaq.vcxproj -> C:\My_Adaptor\RealSenseImaq\x64\Debug\RealSenseImaq.dll
     1>Done Building Project "C:\My_Adaptor\RealSenseImaq\RealSenseImaq\RealSenseImaq.vcxproj" (Build target(s)).

Build succeeded.

Time Elapsed 00:00:04.23
